15:29:50 INFO  : Launching XSDB server: xsdb.bat -interactive C:\Users\dic14gsj\workspace-eit070\temp_xsdb_launch_script.tcl
15:29:52 INFO  : XSDB server has started successfully.
15:30:24 INFO  : Project 'MicroBlazeHWPlatform_hw_platform_0' created. You can now create BSPs and application projects targeting this hardware platform.
15:35:16 INFO  : Connected to target on host '127.0.0.1' and port '3121'.
15:38:13 INFO  : Connected to target on host '127.0.0.1' and port '3121'.
15:38:13 INFO  : 'targets -set -filter {jtag_cable_name =~ "Digilent Nexys4 210274592119A" && level==0} -index 0' command is executed.
15:38:15 INFO  : FPGA configured successfully with bitstream "C:/Users/dic14gsj/workspace-eit070/MicroBlazeHWPlatform_hw_platform_0/download.bit"
15:39:59 INFO  : Processor reset is completed for microblaze_0
15:43:15 INFO  : Processor reset is completed for microblaze_0
15:45:12 INFO  : Processor reset is completed for microblaze_0
15:54:44 INFO  : Processor reset is completed for microblaze_0
16:00:59 INFO  : Processor reset is completed for microblaze_0
16:07:21 INFO  : microblaze_0 Processor is in use. Please stop existing Run or Debug sessions before launching.
16:07:25 INFO  : Processor reset is completed for microblaze_0
16:12:03 INFO  : microblaze_0 Processor is in use. Please stop existing Run or Debug sessions before launching.
16:12:08 INFO  : microblaze_0 Processor is in use. Please stop existing Run or Debug sessions before launching.
16:13:05 INFO  : Processor reset is completed for microblaze_0
16:13:05 ERROR : Unexpected error while parsing XMD response ?: com.google.gson.JsonSyntaxException: com.google.gson.stream.MalformedJsonException: invalid number or unquoted string near 
16:13:05 ERROR : Unexpected error while launching program.
java.lang.NullPointerException
	at com.xilinx.sdk.targetmanager.internal.json.XMDJSONProcess.issueCommand(XMDJSONProcess.java:144)
	at com.xilinx.sdk.targetmanager.internal.TM.startGDBServer(TM.java:842)
	at com.xilinx.sdk.debug.core.XilinxAppLaunchConfigurationDelegate.debugApplication(XilinxAppLaunchConfigurationDelegate.java:708)
	at com.xilinx.sdk.debug.core.XilinxAppLaunchConfigurationDelegate.launch(XilinxAppLaunchConfigurationDelegate.java:311)
	at com.xilinx.sdk.debug.ui.XilinxAppLaunchDelegateWrapper.launch(XilinxAppLaunchDelegateWrapper.java:31)
	at org.eclipse.debug.internal.core.LaunchConfiguration.launch(LaunchConfiguration.java:885)
	at org.eclipse.debug.internal.core.LaunchConfiguration.launch(LaunchConfiguration.java:739)
	at org.eclipse.debug.internal.ui.DebugUIPlugin.buildAndLaunch(DebugUIPlugin.java:1039)
	at org.eclipse.debug.internal.ui.DebugUIPlugin$8.run(DebugUIPlugin.java:1256)
	at org.eclipse.core.internal.jobs.Worker.run(Worker.java:55)
16:13:19 INFO  : Launching XSDB server: xsdb.bat -interactive C:\Users\dic14gsj\workspace-eit070\temp_xsdb_launch_script.tcl
16:13:21 INFO  : XSDB server has started successfully.
16:13:36 INFO  : Processor reset is completed for microblaze_0
16:15:58 INFO  : Processor reset is completed for microblaze_0
16:25:07 INFO  : microblaze_0 Processor is in use. Please stop existing Run or Debug sessions before launching.
16:25:26 ERROR : Unexpected error while fetching XMD's response: 
java.net.SocketException: Connection reset
	at java.net.SocketInputStream.read(SocketInputStream.java:209)
	at java.net.SocketInputStream.read(SocketInputStream.java:141)
	at sun.nio.cs.StreamDecoder.readBytes(StreamDecoder.java:284)
	at sun.nio.cs.StreamDecoder.implRead(StreamDecoder.java:326)
	at sun.nio.cs.StreamDecoder.read(StreamDecoder.java:178)
	at java.io.InputStreamReader.read(InputStreamReader.java:184)
	at java.io.BufferedReader.fill(BufferedReader.java:161)
	at java.io.BufferedReader.read(BufferedReader.java:182)
	at com.xilinx.sdk.targetmanager.internal.json.XMDJSONProcess$CommandResultsReader.run(XMDJSONProcess.java:332)
	at java.lang.Thread.run(Thread.java:745)
16:25:26 ERROR : Zero sized response read from XMD. This indicates a communication error or a programming error.
16:25:39 INFO  : Launching XSDB server: xsdb.bat -interactive C:\Users\dic14gsj\workspace-eit070\temp_xsdb_launch_script.tcl
16:25:40 INFO  : XSDB server has started successfully.
16:26:11 INFO  : Processor reset is completed for microblaze_0
16:26:19 INFO  : Time out for XMD transaction is 60000
If you want to increase the timeout value, goto Windows-> Preferences -> Xilinx SDK -> XMD Startup
16:26:19 ERROR : Timeout occured while waiting to get reply for command "xreset 0 0x80"
16:26:19 ERROR : Unexpected error while launching program.
java.lang.RuntimeException: 
	at com.xilinx.sdk.targetmanager.internal.TM.doProcessorReset(TM.java:1011)
	at com.xilinx.sdk.debug.core.XilinxAppLaunchConfigurationDelegate.runTargetSetup(XilinxAppLaunchConfigurationDelegate.java:455)
	at com.xilinx.sdk.debug.core.XilinxAppLaunchConfigurationDelegate.debugApplication(XilinxAppLaunchConfigurationDelegate.java:701)
	at com.xilinx.sdk.debug.core.XilinxAppLaunchConfigurationDelegate.launch(XilinxAppLaunchConfigurationDelegate.java:311)
	at com.xilinx.sdk.debug.ui.XilinxAppLaunchDelegateWrapper.launch(XilinxAppLaunchDelegateWrapper.java:31)
	at org.eclipse.debug.internal.core.LaunchConfiguration.launch(LaunchConfiguration.java:885)
	at org.eclipse.debug.internal.core.LaunchConfiguration.launch(LaunchConfiguration.java:739)
	at org.eclipse.debug.internal.ui.DebugUIPlugin.buildAndLaunch(DebugUIPlugin.java:1039)
	at org.eclipse.debug.internal.ui.DebugUIPlugin$8.run(DebugUIPlugin.java:1256)
	at org.eclipse.core.internal.jobs.Worker.run(Worker.java:55)
16:26:19 INFO  : Time out for XMD transaction is 60000
If you want to increase the timeout value, goto Windows-> Preferences -> Xilinx SDK -> XMD Startup
16:26:19 ERROR : Timeout occured while waiting to get reply for command "xdisconnect 0"
16:26:19 ERROR : Disconnect target failed.
16:26:19 ERROR : Unable to disconnect from existing targets
java.lang.RuntimeException: 
	at com.xilinx.sdk.targetmanager.internal.TM.disconnectTarget(TM.java:329)
	at com.xilinx.sdk.targetmanager.internal.TM.disconnectExistingTargets(TM.java:308)
	at com.xilinx.sdk.targetmanager.internal.TM.terminate(TM.java:212)
	at com.xilinx.sdk.targetmanager.TMPlugin.stop(TMPlugin.java:58)
	at org.eclipse.osgi.internal.framework.BundleContextImpl$4.run(BundleContextImpl.java:827)
	at org.eclipse.osgi.internal.framework.BundleContextImpl$4.run(BundleContextImpl.java:1)
	at java.security.AccessController.doPrivileged(Native Method)
	at org.eclipse.osgi.internal.framework.BundleContextImpl.stop(BundleContextImpl.java:820)
	at org.eclipse.osgi.internal.framework.EquinoxBundle.stopWorker0(EquinoxBundle.java:955)
	at org.eclipse.osgi.internal.framework.EquinoxBundle$EquinoxModule.stopWorker(EquinoxBundle.java:323)
	at org.eclipse.osgi.container.Module.doStop(Module.java:626)
	at org.eclipse.osgi.container.Module.stop(Module.java:488)
	at org.eclipse.osgi.container.ModuleContainer$ContainerStartLevel.decStartLevel(ModuleContainer.java:1623)
	at org.eclipse.osgi.container.ModuleContainer$ContainerStartLevel.doContainerStartLevel(ModuleContainer.java:1542)
	at org.eclipse.osgi.container.SystemModule.stopWorker(SystemModule.java:248)
	at org.eclipse.osgi.internal.framework.EquinoxBundle$SystemBundle$EquinoxSystemModule.stopWorker(EquinoxBundle.java:144)
	at org.eclipse.osgi.container.Module.doStop(Module.java:626)
	at org.eclipse.osgi.container.Module.stop(Module.java:488)
	at org.eclipse.osgi.container.SystemModule.stop(SystemModule.java:186)
	at org.eclipse.osgi.internal.framework.EquinoxBundle$SystemBundle$EquinoxSystemModule$1.run(EquinoxBundle.java:159)
	at java.lang.Thread.run(Thread.java:745)
16:26:19 ERROR : Unexpected error while issuing command {"command": "xdisconnect 0"} to XMD: java.net.SocketException: Connection reset by peer: socket write error
16:26:19 ERROR : Disconnect target failed.
16:40:38 INFO  : Processor reset is completed for microblaze_0
16:47:19 INFO  : Processor reset is completed for microblaze_0
16:56:29 ERROR : Unexpected error while parsing XMD response ?: com.google.gson.JsonSyntaxException: com.google.gson.stream.MalformedJsonException: invalid number or unquoted string near 
16:57:00 INFO  : Launching XSDB server: xsdb.bat -interactive C:\Users\dic14gsj\workspace-eit070\temp_xsdb_launch_script.tcl
16:57:02 INFO  : XSDB server has started successfully.
16:57:14 INFO  : Processor reset is completed for microblaze_0
16:58:30 INFO  : Processor reset is completed for microblaze_0
17:00:06 ERROR : Unexpected error while parsing XMD response ?: com.google.gson.JsonSyntaxException: com.google.gson.stream.MalformedJsonException: invalid number or unquoted string near 
17:00:27 INFO  : Launching XSDB server: xsdb.bat -interactive C:\Users\dic14gsj\workspace-eit070\temp_xsdb_launch_script.tcl
17:00:28 INFO  : XSDB server has started successfully.
17:01:04 INFO  : Processor reset is completed for microblaze_0
17:03:54 INFO  : Processor reset is completed for microblaze_0
17:07:15 ERROR : Unexpected error while parsing XMD response ?: com.google.gson.JsonSyntaxException: com.google.gson.stream.MalformedJsonException: invalid number or unquoted string near 
08:23:55 INFO  : Launching XSDB server: xsdb.bat -interactive C:\Users\dic14gsj\workspace-eit070\temp_xsdb_launch_script.tcl
08:23:57 INFO  : XSDB server has started successfully.
08:24:12 INFO  : Launching XSDB server: xsdb.bat -interactive C:\Users\dic14gsj\workspace-eit070\temp_xsdb_launch_script.tcl
08:24:14 INFO  : XSDB server has started successfully.
08:29:42 INFO  : Connected to target on host '127.0.0.1' and port '3121'.
08:29:47 INFO  : 'targets -set -filter {jtag_cable_name =~ "Digilent Nexys4 210274674770A" && level==0} -index 0' command is executed.
08:29:50 INFO  : FPGA configured successfully with bitstream "C:/Users/dic14gsj/workspace-eit070/MicroBlazeHWPlatform_hw_platform_0/download.bit"
08:30:04 INFO  : Processor reset is completed for microblaze_0
08:40:17 INFO  : Processor reset is completed for microblaze_0
08:47:14 INFO  : Processor reset is completed for microblaze_0
08:53:58 INFO  : Processor reset is completed for microblaze_0
08:54:19 INFO  : Processor reset is completed for microblaze_0
09:04:22 INFO  : Processor reset is completed for microblaze_0
09:05:43 INFO  : Processor reset is completed for microblaze_0
09:16:39 INFO  : Processor reset is completed for microblaze_0
09:20:21 INFO  : Processor reset is completed for microblaze_0
09:21:07 INFO  : Processor reset is completed for microblaze_0
09:22:57 INFO  : Processor reset is completed for microblaze_0
09:34:13 INFO  : Processor reset is completed for microblaze_0
09:36:12 INFO  : Processor reset is completed for microblaze_0
09:41:22 INFO  : Processor reset is completed for microblaze_0
09:42:34 INFO  : Processor reset is completed for microblaze_0
09:46:43 INFO  : Processor reset is completed for microblaze_0
09:47:15 INFO  : Processor reset is completed for microblaze_0
09:48:19 INFO  : Processor reset is completed for microblaze_0
09:48:25 INFO  : microblaze_0 Processor is in use. Please stop existing Run or Debug sessions before launching.
09:48:38 INFO  : microblaze_0 Processor is in use. Please stop existing Run or Debug sessions before launching.
09:48:52 INFO  : Processor reset is completed for microblaze_0
09:54:12 INFO  : Processor reset is completed for microblaze_0
09:58:48 INFO  : microblaze_0 Processor is in use. Please stop existing Run or Debug sessions before launching.
09:58:52 INFO  : Processor reset is completed for microblaze_0
10:01:01 INFO  : Processor reset is completed for microblaze_0
10:06:27 INFO  : microblaze_0 Processor is in use. Please stop existing Run or Debug sessions before launching.
10:06:29 INFO  : Processor reset is completed for microblaze_0
10:26:40 INFO  : microblaze_0 Processor is in use. Please stop existing Run or Debug sessions before launching.
10:26:43 INFO  : Processor reset is completed for microblaze_0
10:28:18 INFO  : Processor reset is completed for microblaze_0
10:30:09 INFO  : microblaze_0 Processor is in use. Please stop existing Run or Debug sessions before launching.
10:30:12 INFO  : Processor reset is completed for microblaze_0
10:31:14 INFO  : Processor reset is completed for microblaze_0
10:32:49 INFO  : Processor reset is completed for microblaze_0
10:34:00 INFO  : Processor reset is completed for microblaze_0
10:36:08 INFO  : Processor reset is completed for microblaze_0
10:39:07 INFO  : Processor reset is completed for microblaze_0
10:42:20 INFO  : Processor reset is completed for microblaze_0
10:44:40 INFO  : Processor reset is completed for microblaze_0
10:46:13 INFO  : Processor reset is completed for microblaze_0
10:47:57 INFO  : Processor reset is completed for microblaze_0
10:50:35 INFO  : Processor reset is completed for microblaze_0
10:53:29 INFO  : Processor reset is completed for microblaze_0
10:56:38 INFO  : Processor reset is completed for microblaze_0
10:59:11 INFO  : Processor reset is completed for microblaze_0
11:00:59 INFO  : Processor reset is completed for microblaze_0
11:02:13 INFO  : microblaze_0 Processor is in use. Please stop existing Run or Debug sessions before launching.
11:02:30 INFO  : Processor reset is completed for microblaze_0
11:08:20 INFO  : Processor reset is completed for microblaze_0
11:09:03 INFO  : Processor reset is completed for microblaze_0
11:10:07 INFO  : Processor reset is completed for microblaze_0
11:17:52 ERROR : Unexpected error while parsing XMD response ?: com.google.gson.JsonSyntaxException: com.google.gson.stream.MalformedJsonException: invalid number or unquoted string near 
15:23:26 INFO  : Launching XSDB server: xsdb.bat -interactive C:\Users\dic14gsj\workspace-eit070\temp_xsdb_launch_script.tcl
15:23:29 INFO  : XSDB server has started successfully.
15:24:03 INFO  : Connected to target on host '127.0.0.1' and port '3121'.
15:24:09 INFO  : 'targets -set -filter {jtag_cable_name =~ "Digilent Nexys4 210274674771A" && level==0} -index 0' command is executed.
15:24:11 INFO  : FPGA configured successfully with bitstream "C:/Users/dic14gsj/workspace-eit070/MicroBlazeHWPlatform_hw_platform_0/download.bit"
15:24:53 INFO  : Processor reset is completed for microblaze_0
16:57:45 INFO  : Processor reset is completed for microblaze_0
17:00:48 ERROR : Unexpected error while parsing XMD response ?: com.google.gson.JsonSyntaxException: com.google.gson.stream.MalformedJsonException: invalid number or unquoted string near 
08:20:06 INFO  : Launching XSDB server: xsdb.bat -interactive C:\Users\dic14gsj\workspace-eit070\temp_xsdb_launch_script.tcl
08:20:09 INFO  : XSDB server has started successfully.
08:22:36 INFO  : Connected to target on host '127.0.0.1' and port '3121'.
08:22:37 INFO  : 'targets -set -filter {jtag_cable_name =~ "Digilent Nexys4 210274674772A" && level==0} -index 0' command is executed.
08:22:40 INFO  : FPGA configured successfully with bitstream "C:/Users/dic14gsj/workspace-eit070/MicroBlazeHWPlatform_hw_platform_0/download.bit"
08:22:53 INFO  : Processor reset is completed for microblaze_0
08:36:34 INFO  : Processor reset is completed for microblaze_0
08:48:50 INFO  : Processor reset is completed for microblaze_0
09:00:24 INFO  : Processor reset is completed for microblaze_0
09:01:43 INFO  : Processor reset is completed for microblaze_0
09:02:14 INFO  : Processor reset is completed for microblaze_0
09:02:32 INFO  : Processor reset is completed for microblaze_0
09:02:47 INFO  : microblaze_0 Processor is in use. Please stop existing Run or Debug sessions before launching.
09:02:50 INFO  : Processor reset is completed for microblaze_0
09:09:56 INFO  : Processor reset is completed for microblaze_0
09:10:20 INFO  : Processor reset is completed for microblaze_0
09:15:46 INFO  : Processor reset is completed for microblaze_0
09:17:21 INFO  : Processor reset is completed for microblaze_0
09:21:43 INFO  : Processor reset is completed for microblaze_0
09:30:26 INFO  : Processor reset is completed for microblaze_0
09:30:54 INFO  : Processor reset is completed for microblaze_0
09:32:05 INFO  : Processor reset is completed for microblaze_0
09:32:24 INFO  : Processor reset is completed for microblaze_0
09:42:20 INFO  : Processor reset is completed for microblaze_0
09:49:40 INFO  : Processor reset is completed for microblaze_0
09:57:15 INFO  : Processor reset is completed for microblaze_0
09:58:07 INFO  : Processor reset is completed for microblaze_0
10:03:01 INFO  : Processor reset is completed for microblaze_0
10:03:35 INFO  : Processor reset is completed for microblaze_0
10:06:30 INFO  : Processor reset is completed for microblaze_0
10:08:32 INFO  : Processor reset is completed for microblaze_0
10:09:51 INFO  : Processor reset is completed for microblaze_0
10:10:39 INFO  : Processor reset is completed for microblaze_0
10:12:55 INFO  : Processor reset is completed for microblaze_0
10:14:56 INFO  : Processor reset is completed for microblaze_0
10:15:51 INFO  : Processor reset is completed for microblaze_0
10:16:08 INFO  : Processor reset is completed for microblaze_0
10:22:07 INFO  : Processor reset is completed for microblaze_0
10:24:30 INFO  : Processor reset is completed for microblaze_0
10:30:16 INFO  : Processor reset is completed for microblaze_0
10:34:09 INFO  : Processor reset is completed for microblaze_0
10:35:00 INFO  : Processor reset is completed for microblaze_0
10:35:58 INFO  : Processor reset is completed for microblaze_0
10:36:49 INFO  : Processor reset is completed for microblaze_0
10:37:28 INFO  : Processor reset is completed for microblaze_0
10:38:25 INFO  : Processor reset is completed for microblaze_0
10:38:50 INFO  : Processor reset is completed for microblaze_0
10:41:35 INFO  : Processor reset is completed for microblaze_0
10:41:53 INFO  : Processor reset is completed for microblaze_0
10:42:14 INFO  : Processor reset is completed for microblaze_0
10:43:51 INFO  : Processor reset is completed for microblaze_0
11:06:43 INFO  : Processor reset is completed for microblaze_0
11:11:08 ERROR : Unexpected error while parsing XMD response ?: com.google.gson.JsonSyntaxException: com.google.gson.stream.MalformedJsonException: invalid number or unquoted string near 
11:11:35 INFO  : Launching XSDB server: xsdb.bat -interactive C:\Users\dic14gsj\workspace-eit070\temp_xsdb_launch_script.tcl
11:11:36 INFO  : XSDB server has started successfully.
11:12:00 INFO  : Processor reset is completed for microblaze_0
11:12:14 INFO  : Connected to target on host '127.0.0.1' and port '3121'.
11:12:15 INFO  : 'targets -set -filter {jtag_cable_name =~ "Digilent Nexys4 210274674772A" && level==0} -index 0' command is executed.
11:12:17 INFO  : FPGA configured successfully with bitstream "C:/Users/dic14gsj/workspace-eit070/MicroBlazeHWPlatform_hw_platform_0/download.bit"
11:12:25 INFO  : Processor reset is completed for microblaze_0
11:14:17 INFO  : Processor reset is completed for microblaze_0
11:17:20 INFO  : Processor reset is completed for microblaze_0
11:20:48 INFO  : Processor reset is completed for microblaze_0
11:26:25 INFO  : Processor reset is completed for microblaze_0
11:27:45 INFO  : Processor reset is completed for microblaze_0
11:29:28 INFO  : Processor reset is completed for microblaze_0
11:31:21 INFO  : Processor reset is completed for microblaze_0
11:32:55 INFO  : Processor reset is completed for microblaze_0
11:33:25 INFO  : Processor reset is completed for microblaze_0
11:35:16 INFO  : Processor reset is completed for microblaze_0
11:35:48 INFO  : Processor reset is completed for microblaze_0
11:40:45 INFO  : Processor reset is completed for microblaze_0
11:43:31 INFO  : Processor reset is completed for microblaze_0
11:44:27 INFO  : Processor reset is completed for microblaze_0
11:45:40 INFO  : Processor reset is completed for microblaze_0
11:52:28 ERROR : Unexpected error while parsing XMD response ?: com.google.gson.JsonSyntaxException: com.google.gson.stream.MalformedJsonException: invalid number or unquoted string near 
09:26:28 INFO  : Launching XSDB server: xsdb.bat -interactive C:\Users\dic14eh2\workspace-eit070\temp_xsdb_launch_script.tcl
09:26:30 INFO  : XSDB server has started successfully.
09:26:57 INFO  : Connected to target on host '127.0.0.1' and port '3121'.
09:27:02 INFO  : 'targets -set -filter {jtag_cable_name =~ "Digilent Nexys4 210274592246A" && level==0} -index 0' command is executed.
09:27:04 INFO  : FPGA configured successfully with bitstream "C:/Users/dic14eh2/workspace-eit070/MicroBlazeHWPlatform_hw_platform_0/download.bit"
09:27:17 INFO  : Processor reset is completed for microblaze_0
09:32:18 INFO  : Connected to target on host '127.0.0.1' and port '3121'.
09:32:18 INFO  : 'targets -set -filter {jtag_cable_name =~ "Digilent Nexys4 210274592246A" && level==0} -index 0' command is executed.
09:32:20 INFO  : FPGA configured successfully with bitstream "C:/Users/dic14eh2/workspace-eit070/MicroBlazeHWPlatform_hw_platform_0/download.bit"
09:33:05 INFO  : Processor reset is completed for microblaze_0
09:34:06 INFO  : microblaze_0 Processor is in use. Please stop existing Run or Debug sessions before launching.
09:34:10 INFO  : Processor reset is completed for microblaze_0
09:40:25 INFO  : Processor reset is completed for microblaze_0
09:40:47 ERROR : Unexpected error while launching program.
java.lang.RuntimeException: Target request failed: Target is not responding (timed out).
	at com.xilinx.sdk.debug.core.XilinxAppLaunchConfigurationDelegate.debugApplication(XilinxAppLaunchConfigurationDelegate.java:806)
	at com.xilinx.sdk.debug.core.XilinxAppLaunchConfigurationDelegate.launch(XilinxAppLaunchConfigurationDelegate.java:311)
	at com.xilinx.sdk.debug.ui.XilinxAppLaunchDelegateWrapper.launch(XilinxAppLaunchDelegateWrapper.java:31)
	at org.eclipse.debug.internal.core.LaunchConfiguration.launch(LaunchConfiguration.java:885)
	at org.eclipse.debug.internal.core.LaunchConfiguration.launch(LaunchConfiguration.java:739)
	at org.eclipse.debug.internal.ui.DebugUIPlugin.buildAndLaunch(DebugUIPlugin.java:1039)
	at org.eclipse.debug.internal.ui.DebugUIPlugin$8.run(DebugUIPlugin.java:1256)
	at org.eclipse.core.internal.jobs.Worker.run(Worker.java:55)
09:40:55 INFO  : Processor reset is completed for microblaze_0
09:43:35 INFO  : Processor reset is completed for microblaze_0
09:44:07 ERROR : Unexpected error while launching program.
java.lang.RuntimeException: Target request failed: Target is not responding (timed out).
	at com.xilinx.sdk.debug.core.XilinxAppLaunchConfigurationDelegate.debugApplication(XilinxAppLaunchConfigurationDelegate.java:806)
	at com.xilinx.sdk.debug.core.XilinxAppLaunchConfigurationDelegate.launch(XilinxAppLaunchConfigurationDelegate.java:311)
	at com.xilinx.sdk.debug.ui.XilinxAppLaunchDelegateWrapper.launch(XilinxAppLaunchDelegateWrapper.java:31)
	at org.eclipse.debug.internal.core.LaunchConfiguration.launch(LaunchConfiguration.java:885)
	at org.eclipse.debug.internal.core.LaunchConfiguration.launch(LaunchConfiguration.java:739)
	at org.eclipse.debug.internal.ui.DebugUIPlugin.buildAndLaunch(DebugUIPlugin.java:1039)
	at org.eclipse.debug.internal.ui.DebugUIPlugin$8.run(DebugUIPlugin.java:1256)
	at org.eclipse.core.internal.jobs.Worker.run(Worker.java:55)
09:44:11 INFO  : Processor reset is completed for microblaze_0
09:44:33 ERROR : Unexpected error while launching program.
java.lang.RuntimeException: Target request failed: Target is not responding (timed out).
	at com.xilinx.sdk.debug.core.XilinxAppLaunchConfigurationDelegate.debugApplication(XilinxAppLaunchConfigurationDelegate.java:806)
	at com.xilinx.sdk.debug.core.XilinxAppLaunchConfigurationDelegate.launch(XilinxAppLaunchConfigurationDelegate.java:311)
	at com.xilinx.sdk.debug.ui.XilinxAppLaunchDelegateWrapper.launch(XilinxAppLaunchDelegateWrapper.java:31)
	at org.eclipse.debug.internal.core.LaunchConfiguration.launch(LaunchConfiguration.java:885)
	at org.eclipse.debug.internal.core.LaunchConfiguration.launch(LaunchConfiguration.java:739)
	at org.eclipse.debug.internal.ui.DebugUIPlugin.buildAndLaunch(DebugUIPlugin.java:1039)
	at org.eclipse.debug.internal.ui.DebugUIPlugin$8.run(DebugUIPlugin.java:1256)
	at org.eclipse.core.internal.jobs.Worker.run(Worker.java:55)
09:45:08 INFO  : Connected to target on host '127.0.0.1' and port '3121'.
09:45:08 INFO  : 'targets -set -filter {jtag_cable_name =~ "Digilent Nexys4 210274592246A" && level==0} -index 0' command is executed.
09:45:10 INFO  : FPGA configured successfully with bitstream "C:/Users/dic14eh2/workspace-eit070/MicroBlazeHWPlatform_hw_platform_0/download.bit"
09:45:30 INFO  : Processor reset is completed for microblaze_0
09:45:52 ERROR : Unexpected error while launching program.
java.lang.RuntimeException: Target request failed: Target is not responding (timed out).
	at com.xilinx.sdk.debug.core.XilinxAppLaunchConfigurationDelegate.debugApplication(XilinxAppLaunchConfigurationDelegate.java:806)
	at com.xilinx.sdk.debug.core.XilinxAppLaunchConfigurationDelegate.launch(XilinxAppLaunchConfigurationDelegate.java:311)
	at com.xilinx.sdk.debug.ui.XilinxAppLaunchDelegateWrapper.launch(XilinxAppLaunchDelegateWrapper.java:31)
	at org.eclipse.debug.internal.core.LaunchConfiguration.launch(LaunchConfiguration.java:885)
	at org.eclipse.debug.internal.core.LaunchConfiguration.launch(LaunchConfiguration.java:739)
	at org.eclipse.debug.internal.ui.DebugUIPlugin.buildAndLaunch(DebugUIPlugin.java:1039)
	at org.eclipse.debug.internal.ui.DebugUIPlugin$8.run(DebugUIPlugin.java:1256)
	at org.eclipse.core.internal.jobs.Worker.run(Worker.java:55)
09:46:12 INFO  : Processor reset is completed for microblaze_0
09:46:26 INFO  : Processor reset is completed for microblaze_0
09:47:18 ERROR : Unexpected error while launching program.
java.lang.RuntimeException: Target request failed: Target is not responding (timed out).
	at com.xilinx.sdk.debug.core.XilinxAppLaunchConfigurationDelegate.debugApplication(XilinxAppLaunchConfigurationDelegate.java:806)
	at com.xilinx.sdk.debug.core.XilinxAppLaunchConfigurationDelegate.launch(XilinxAppLaunchConfigurationDelegate.java:311)
	at com.xilinx.sdk.debug.ui.XilinxAppLaunchDelegateWrapper.launch(XilinxAppLaunchDelegateWrapper.java:31)
	at org.eclipse.debug.internal.core.LaunchConfiguration.launch(LaunchConfiguration.java:885)
	at org.eclipse.debug.internal.core.LaunchConfiguration.launch(LaunchConfiguration.java:739)
	at org.eclipse.debug.internal.ui.DebugUIPlugin.buildAndLaunch(DebugUIPlugin.java:1039)
	at org.eclipse.debug.internal.ui.DebugUIPlugin$8.run(DebugUIPlugin.java:1256)
	at org.eclipse.core.internal.jobs.Worker.run(Worker.java:55)
09:47:26 INFO  : Processor reset is completed for microblaze_0
09:47:49 ERROR : Unexpected error while launching program.
java.lang.RuntimeException: Target request failed: Target is not responding (timed out).
	at com.xilinx.sdk.debug.core.XilinxAppLaunchConfigurationDelegate.debugApplication(XilinxAppLaunchConfigurationDelegate.java:806)
	at com.xilinx.sdk.debug.core.XilinxAppLaunchConfigurationDelegate.launch(XilinxAppLaunchConfigurationDelegate.java:311)
	at com.xilinx.sdk.debug.ui.XilinxAppLaunchDelegateWrapper.launch(XilinxAppLaunchDelegateWrapper.java:31)
	at org.eclipse.debug.internal.core.LaunchConfiguration.launch(LaunchConfiguration.java:885)
	at org.eclipse.debug.internal.core.LaunchConfiguration.launch(LaunchConfiguration.java:739)
	at org.eclipse.debug.internal.ui.DebugUIPlugin.buildAndLaunch(DebugUIPlugin.java:1039)
	at org.eclipse.debug.internal.ui.DebugUIPlugin$8.run(DebugUIPlugin.java:1256)
	at org.eclipse.core.internal.jobs.Worker.run(Worker.java:55)
09:48:17 INFO  : Processor reset is completed for microblaze_0
09:58:16 INFO  : Processor reset is completed for microblaze_0
10:22:01 INFO  : Processor reset is completed for microblaze_0
10:22:23 ERROR : Unexpected error while launching program.
java.lang.RuntimeException: Target request failed: Target is not responding (timed out).
	at com.xilinx.sdk.debug.core.XilinxAppLaunchConfigurationDelegate.debugApplication(XilinxAppLaunchConfigurationDelegate.java:806)
	at com.xilinx.sdk.debug.core.XilinxAppLaunchConfigurationDelegate.launch(XilinxAppLaunchConfigurationDelegate.java:311)
	at com.xilinx.sdk.debug.ui.XilinxAppLaunchDelegateWrapper.launch(XilinxAppLaunchDelegateWrapper.java:31)
	at org.eclipse.debug.internal.core.LaunchConfiguration.launch(LaunchConfiguration.java:885)
	at org.eclipse.debug.internal.core.LaunchConfiguration.launch(LaunchConfiguration.java:739)
	at org.eclipse.debug.internal.ui.DebugUIPlugin.buildAndLaunch(DebugUIPlugin.java:1039)
	at org.eclipse.debug.internal.ui.DebugUIPlugin$8.run(DebugUIPlugin.java:1256)
	at org.eclipse.core.internal.jobs.Worker.run(Worker.java:55)
10:23:20 INFO  : Processor reset is completed for microblaze_0
11:45:14 INFO  : Processor reset is completed for microblaze_0
12:02:05 ERROR : Unexpected error while parsing XMD response ?: com.google.gson.JsonSyntaxException: com.google.gson.stream.MalformedJsonException: invalid number or unquoted string near 
12:33:08 INFO  : Launching XSDB server: xsdb.bat -interactive C:\Users\dic14eh2\workspace-eit070\temp_xsdb_launch_script.tcl
12:33:11 INFO  : XSDB server has started successfully.
12:36:08 INFO  : Processor reset is completed for microblaze_0
12:50:04 INFO  : Processor reset is completed for microblaze_0
13:31:10 INFO  : Processor reset is completed for microblaze_0
13:45:32 INFO  : Processor reset is completed for microblaze_0
13:50:28 INFO  : Processor reset is completed for microblaze_0
13:57:50 INFO  : Processor reset is completed for microblaze_0
14:00:05 INFO  : Processor reset is completed for microblaze_0
14:01:42 INFO  : Processor reset is completed for microblaze_0
14:02:46 INFO  : Processor reset is completed for microblaze_0
14:03:28 ERROR : Unexpected error while launching program.
java.lang.RuntimeException: Target request failed: Target is not responding (timed out).
	at com.xilinx.sdk.debug.core.XilinxAppLaunchConfigurationDelegate.debugApplication(XilinxAppLaunchConfigurationDelegate.java:806)
	at com.xilinx.sdk.debug.core.XilinxAppLaunchConfigurationDelegate.launch(XilinxAppLaunchConfigurationDelegate.java:311)
	at com.xilinx.sdk.debug.ui.XilinxAppLaunchDelegateWrapper.launch(XilinxAppLaunchDelegateWrapper.java:31)
	at org.eclipse.debug.internal.core.LaunchConfiguration.launch(LaunchConfiguration.java:885)
	at org.eclipse.debug.internal.core.LaunchConfiguration.launch(LaunchConfiguration.java:739)
	at org.eclipse.debug.internal.ui.DebugUIPlugin.buildAndLaunch(DebugUIPlugin.java:1039)
	at org.eclipse.debug.internal.ui.DebugUIPlugin$8.run(DebugUIPlugin.java:1256)
	at org.eclipse.core.internal.jobs.Worker.run(Worker.java:55)
14:03:47 INFO  : Processor reset is completed for microblaze_0
14:05:32 INFO  : Processor reset is completed for microblaze_0
14:06:43 INFO  : Processor reset is completed for microblaze_0
14:09:10 INFO  : Processor reset is completed for microblaze_0
14:10:33 INFO  : Processor reset is completed for microblaze_0
14:15:40 ERROR : Unexpected error while parsing XMD response ?: com.google.gson.JsonSyntaxException: com.google.gson.stream.MalformedJsonException: invalid number or unquoted string near 
08:24:32 INFO  : Launching XSDB server: xsdb.bat -interactive C:\Users\dic14eh2\workspace-eit070\temp_xsdb_launch_script.tcl
08:24:34 INFO  : XSDB server has started successfully.
08:25:42 INFO  : Connected to target on host '127.0.0.1' and port '3121'.
08:25:44 INFO  : 'targets -set -filter {jtag_cable_name =~ "Digilent Nexys4 210274592387A" && level==0} -index 0' command is executed.
08:25:46 INFO  : FPGA configured successfully with bitstream "C:/Users/dic14eh2/workspace-eit070/MicroBlazeHWPlatform_hw_platform_0/download.bit"
08:28:30 INFO  : Processor reset is completed for microblaze_0
08:30:28 INFO  : Processor reset is completed for microblaze_0
08:31:01 ERROR : Unexpected error while launching program.
java.lang.RuntimeException: Target request failed: Target is not responding (timed out).
	at com.xilinx.sdk.debug.core.XilinxAppLaunchConfigurationDelegate.debugApplication(XilinxAppLaunchConfigurationDelegate.java:806)
	at com.xilinx.sdk.debug.core.XilinxAppLaunchConfigurationDelegate.launch(XilinxAppLaunchConfigurationDelegate.java:311)
	at com.xilinx.sdk.debug.ui.XilinxAppLaunchDelegateWrapper.launch(XilinxAppLaunchDelegateWrapper.java:31)
	at org.eclipse.debug.internal.core.LaunchConfiguration.launch(LaunchConfiguration.java:885)
	at org.eclipse.debug.internal.core.LaunchConfiguration.launch(LaunchConfiguration.java:739)
	at org.eclipse.debug.internal.ui.DebugUIPlugin.buildAndLaunch(DebugUIPlugin.java:1039)
	at org.eclipse.debug.internal.ui.DebugUIPlugin$8.run(DebugUIPlugin.java:1256)
	at org.eclipse.core.internal.jobs.Worker.run(Worker.java:55)
08:31:06 INFO  : Processor reset is completed for microblaze_0
09:09:41 INFO  : Processor reset is completed for microblaze_0
09:58:34 INFO  : Processor reset is completed for microblaze_0
09:59:05 INFO  : Processor reset is completed for microblaze_0
10:05:10 INFO  : Processor reset is completed for microblaze_0
10:09:43 INFO  : Processor reset is completed for microblaze_0
10:10:15 ERROR : Unexpected error while launching program.
java.lang.RuntimeException: Error stopping at main.
	at com.xilinx.sdk.debug.core.XilinxAppLaunchConfigurationDelegate.debugApplication(XilinxAppLaunchConfigurationDelegate.java:806)
	at com.xilinx.sdk.debug.core.XilinxAppLaunchConfigurationDelegate.launch(XilinxAppLaunchConfigurationDelegate.java:311)
	at com.xilinx.sdk.debug.ui.XilinxAppLaunchDelegateWrapper.launch(XilinxAppLaunchDelegateWrapper.java:31)
	at org.eclipse.debug.internal.core.LaunchConfiguration.launch(LaunchConfiguration.java:885)
	at org.eclipse.debug.internal.core.LaunchConfiguration.launch(LaunchConfiguration.java:739)
	at org.eclipse.debug.internal.ui.DebugUIPlugin.buildAndLaunch(DebugUIPlugin.java:1039)
	at org.eclipse.debug.internal.ui.DebugUIPlugin$8.run(DebugUIPlugin.java:1256)
	at org.eclipse.core.internal.jobs.Worker.run(Worker.java:55)
10:10:32 INFO  : Processor reset is completed for microblaze_0
10:48:04 INFO  : Processor reset is completed for microblaze_0
10:48:43 INFO  : Processor reset is completed for microblaze_0
10:59:53 INFO  : Processor reset is completed for microblaze_0
11:02:30 INFO  : Processor reset is completed for microblaze_0
11:20:26 INFO  : Processor reset is completed for microblaze_0
11:22:05 INFO  : Processor reset is completed for microblaze_0
11:25:45 INFO  : Processor reset is completed for microblaze_0
11:36:37 INFO  : Processor reset is completed for microblaze_0
08:16:31 INFO  : Launching XSDB server: xsdb.bat -interactive C:\Users\dic14eh2\git\eit070\workspace-eit070\temp_xsdb_launch_script.tcl
08:16:34 INFO  : XSDB server has started successfully.
08:17:41 INFO  : Connected to target on host '127.0.0.1' and port '3121'.
08:17:46 INFO  : 'targets -set -filter {jtag_cable_name =~ "Digilent Nexys4 210274592378A" && level==0} -index 0' command is executed.
08:17:48 INFO  : FPGA configured successfully with bitstream "C:/Users/dic14eh2/git/eit070/workspace-eit070/MicroBlazeHWPlatform_hw_platform_0/download.bit"
08:40:50 INFO  : Processor reset is completed for microblaze_0
08:47:00 INFO  : Processor reset is completed for microblaze_0
09:36:18 INFO  : Processor reset is completed for microblaze_0
09:41:46 INFO  : Processor reset is completed for microblaze_0
09:45:01 INFO  : Processor reset is completed for microblaze_0
09:45:34 INFO  : Processor reset is completed for microblaze_0
09:47:27 INFO  : Processor reset is completed for microblaze_0
09:55:21 INFO  : Processor reset is completed for microblaze_0
10:36:41 INFO  : Processor reset is completed for microblaze_0
10:38:05 INFO  : Processor reset is completed for microblaze_0
10:39:54 INFO  : Processor reset is completed for microblaze_0
10:40:17 INFO  : Processor reset is completed for microblaze_0
10:40:38 INFO  : Processor reset is completed for microblaze_0
10:48:25 INFO  : Processor reset is completed for microblaze_0
10:50:22 INFO  : Processor reset is completed for microblaze_0
10:52:29 INFO  : Processor reset is completed for microblaze_0
11:03:35 INFO  : Processor reset is completed for microblaze_0
11:04:07 ERROR : Unexpected error while launching program.
java.lang.RuntimeException: Target request failed: Target is not responding (timed out).
	at com.xilinx.sdk.debug.core.XilinxAppLaunchConfigurationDelegate.debugApplication(XilinxAppLaunchConfigurationDelegate.java:806)
	at com.xilinx.sdk.debug.core.XilinxAppLaunchConfigurationDelegate.launch(XilinxAppLaunchConfigurationDelegate.java:311)
	at com.xilinx.sdk.debug.ui.XilinxAppLaunchDelegateWrapper.launch(XilinxAppLaunchDelegateWrapper.java:31)
	at org.eclipse.debug.internal.core.LaunchConfiguration.launch(LaunchConfiguration.java:885)
	at org.eclipse.debug.internal.core.LaunchConfiguration.launch(LaunchConfiguration.java:739)
	at org.eclipse.debug.internal.ui.DebugUIPlugin.buildAndLaunch(DebugUIPlugin.java:1039)
	at org.eclipse.debug.internal.ui.DebugUIPlugin$8.run(DebugUIPlugin.java:1256)
	at org.eclipse.core.internal.jobs.Worker.run(Worker.java:55)
11:04:13 INFO  : Processor reset is completed for microblaze_0
11:05:06 INFO  : Processor reset is completed for microblaze_0
11:06:01 INFO  : Processor reset is completed for microblaze_0
11:06:39 INFO  : Processor reset is completed for microblaze_0
11:08:20 INFO  : Processor reset is completed for microblaze_0
11:15:06 INFO  : Processor reset is completed for microblaze_0
11:15:28 ERROR : Unexpected error while launching program.
java.lang.RuntimeException: Target request failed: Target is not responding (timed out).
	at com.xilinx.sdk.debug.core.XilinxAppLaunchConfigurationDelegate.debugApplication(XilinxAppLaunchConfigurationDelegate.java:806)
	at com.xilinx.sdk.debug.core.XilinxAppLaunchConfigurationDelegate.launch(XilinxAppLaunchConfigurationDelegate.java:311)
	at com.xilinx.sdk.debug.ui.XilinxAppLaunchDelegateWrapper.launch(XilinxAppLaunchDelegateWrapper.java:31)
	at org.eclipse.debug.internal.core.LaunchConfiguration.launch(LaunchConfiguration.java:885)
	at org.eclipse.debug.internal.core.LaunchConfiguration.launch(LaunchConfiguration.java:739)
	at org.eclipse.debug.internal.ui.DebugUIPlugin.buildAndLaunch(DebugUIPlugin.java:1039)
	at org.eclipse.debug.internal.ui.DebugUIPlugin$8.run(DebugUIPlugin.java:1256)
	at org.eclipse.core.internal.jobs.Worker.run(Worker.java:55)
11:15:41 INFO  : Processor reset is completed for microblaze_0
11:17:28 INFO  : Processor reset is completed for microblaze_0
11:21:15 INFO  : Processor reset is completed for microblaze_0
11:21:38 ERROR : Unexpected error while launching program.
java.lang.RuntimeException: Target request failed: The program is not being run.
	at com.xilinx.sdk.debug.core.XilinxAppLaunchConfigurationDelegate.debugApplication(XilinxAppLaunchConfigurationDelegate.java:806)
	at com.xilinx.sdk.debug.core.XilinxAppLaunchConfigurationDelegate.launch(XilinxAppLaunchConfigurationDelegate.java:311)
	at com.xilinx.sdk.debug.ui.XilinxAppLaunchDelegateWrapper.launch(XilinxAppLaunchDelegateWrapper.java:31)
	at org.eclipse.debug.internal.core.LaunchConfiguration.launch(LaunchConfiguration.java:885)
	at org.eclipse.debug.internal.core.LaunchConfiguration.launch(LaunchConfiguration.java:739)
	at org.eclipse.debug.internal.ui.DebugUIPlugin.buildAndLaunch(DebugUIPlugin.java:1039)
	at org.eclipse.debug.internal.ui.DebugUIPlugin$8.run(DebugUIPlugin.java:1256)
	at org.eclipse.core.internal.jobs.Worker.run(Worker.java:55)
11:21:42 INFO  : Processor reset is completed for microblaze_0
